Arguments: 
  C:\Program Files\nodejs\node.exe C:\Users\hassan.akbar\AppData\Roaming\npm\node_modules\yarn\bin\yarn.js add -D @types/mock-express-response

PATH: 
  C:\Users\hassan.akbar\AppData\Local\Programs\Git\mingw64\bin;C:\Users\hassan.akbar\AppData\Local\Programs\Git\usr\bin;C:\Users\hassan.akbar\bin;C:\Python310\Scripts;C:\Python310;C:\Program Files\Common Files\Microsoft Shared\Microsoft Online Services;C:\Program Files (x86)\Common Files\Microsoft Shared\Microsoft Online Services;C:\WINDOWS\system32;C:\WINDOWS;C:\WINDOWS\System32\Wbem;C:\WINDOWS\System32\WindowsPowerShell\v1.0;C:\Program Files\MongoDB\Server\4.2\bin;C:\Program Files\Amazon\AWSCLI\bin;C:\Program Files\Microsoft SQL Server\Client SDK\ODBC\170\Tools\Binn;C:\Program Files (x86)\Microsoft SQL Server\150\Tools\Binn;C:\Program Files\Microsoft SQL Server\150\Tools\Binn;C:\Program Files\Microsoft SQL Server\150\DTS\Binn;C:\Program Files\PostgreSQL\13\lib;C:\Program Files\PostgreSQL\13\bin;C:\Program Files (x86)\Microsoft SQL Server\150\DTS\Binn;C:\Program Files\Microsoft SQL Server\120\Tools\Binn;C:\Program Files\Microsoft SQL Server\Client SDK\ODBC\130\Tools\Binn;C:\Program Files\Microsoft SQL Server\130\Tools\Binn;C:\Program Files\dotnet;C:\Program Files (x86)\dotnet;C:\Users\hassan.akbar\AppData\Local\Yarn\bin;C:\Python\Python39;C:\Python\Python39\Scripts;C:\Program Files\Docker\Docker\resources\bin;C:\ProgramData\DockerDesktop\version-bin;C:\ProgramData\chocolatey\bin;C:\Program Files\nodejs;C:\Program Files\Azure Data Studio\bin;C:\Users\hassan.akbar\AppData\Roaming\npm;C:\Users\hassan.akbar\AppData\Local\Programs\Microsoft VS Code\bin;C:\Users\hassan.akbar\.dotnet\tools;C:\Users\hassan.akbar\AppData\Local\Programs\Git\cmd;C:\Users\hassan.akbar\AppData\Local\Microsoft\WindowsApps;C:\Users\hassan.akbar\AppData\Roaming\npm

Yarn version: 
  1.22.4

Node version: 
  16.13.0

Platform: 
  win32 x64

Trace: 
  Error: https://registry.yarnpkg.com/@types%2fmock-express-response: Not found
      at Request.params.callback [as _callback] (C:\Users\hassan.akbar\AppData\Roaming\npm\node_modules\yarn\lib\cli.js:66987:18)
      at Request.self.callback (C:\Users\hassan.akbar\AppData\Roaming\npm\node_modules\yarn\lib\cli.js:140748:22)
      at Request.emit (node:events:390:28)
      at Request.<anonymous> (C:\Users\hassan.akbar\AppData\Roaming\npm\node_modules\yarn\lib\cli.js:141720:10)
      at Request.emit (node:events:390:28)
      at IncomingMessage.<anonymous> (C:\Users\hassan.akbar\AppData\Roaming\npm\node_modules\yarn\lib\cli.js:141642:12)
      at Object.onceWrapper (node:events:509:28)
      at IncomingMessage.emit (node:events:402:35)
      at endReadableNT (node:internal/streams/readable:1343:12)
      at processTicksAndRejections (node:internal/process/task_queues:83:21)

npm manifest: 
  No manifest

yarn manifest: 
  No manifest

Lockfile: 
  # THIS IS AN AUTOGENERATED FILE. DO NOT EDIT THIS FILE DIRECTLY.
  # yarn lockfile v1
